[debug] [2023-10-03T22:56:51.006Z] ----------------------------------------------------------------------
[debug] [2023-10-03T22:56:51.007Z] Command:       /opt/homebrew/Cellar/node/20.0.0/bin/node /opt/homebrew/bin/firebase init
[debug] [2023-10-03T22:56:51.008Z] CLI Version:   12.6.1
[debug] [2023-10-03T22:56:51.008Z] Platform:      darwin
[debug] [2023-10-03T22:56:51.008Z] Node Version:  v20.0.0
[debug] [2023-10-03T22:56:51.008Z] Time:          Tue Oct 03 2023 15:56:51 GMT-0700 (Pacific Daylight Time)
[debug] [2023-10-03T22:56:51.008Z] ----------------------------------------------------------------------
[debug] 
[debug] [2023-10-03T22:56:51.010Z] > command requires scopes: ["email","openid","https://www.googleapis.com/auth/cloudplatformprojects.readonly","https://www.googleapis.com/auth/firebase","https://www.googleapis.com/auth/cloud-platform"]
[debug] [2023-10-03T22:56:51.010Z] > authorizing via signed-in user (mail2rithwik@gmail.com)
[info] 
     ######## #### ########  ######## ########     ###     ######  ########
     ##        ##  ##     ## ##       ##     ##  ##   ##  ##       ##
     ######    ##  ########  ######   ########  #########  ######  ######
     ##        ##  ##    ##  ##       ##     ## ##     ##       ## ##
     ##       #### ##     ## ######## ########  ##     ##  ######  ########

You're about to initialize a Firebase project in this directory:

  /Users/rithwikadicherla/calendarai/calendarai

[info] 
=== Project Setup
[info] 
[info] First, let's associate this project directory with a Firebase project.
[info] You can create multiple project aliases by running firebase use --add, 
[info] but for now we'll just set up a default project.
[info] 
[debug] [2023-10-03T22:56:58.721Z] > refreshing access token with scopes: []
[debug] [2023-10-03T22:56:58.723Z] >>> [apiv2][query] POST https://www.googleapis.com/oauth2/v3/token [none]
[debug] [2023-10-03T22:56:58.723Z] >>> [apiv2][body] POST https://www.googleapis.com/oauth2/v3/token [omitted]
[debug] [2023-10-03T22:56:58.926Z] <<< [apiv2][status] POST https://www.googleapis.com/oauth2/v3/token 400
[debug] [2023-10-03T22:56:58.926Z] <<< [apiv2][body] POST https://www.googleapis.com/oauth2/v3/token [omitted]
[debug] [2023-10-03T22:56:58.927Z] >>> [apiv2][query] GET https://firebase.googleapis.com/v1beta1/projects pageSize=100
[debug] [2023-10-03T22:56:59.200Z] <<< [apiv2][status] GET https://firebase.googleapis.com/v1beta1/projects 401
[debug] [2023-10-03T22:56:59.201Z] <<< [apiv2][body] GET https://firebase.googleapis.com/v1beta1/projects [omitted]
[debug] [2023-10-03T22:56:59.201Z] HTTP Error: 401, Request had invalid authentication credentials. Expected OAuth 2 access token, login cookie or other valid authentication credential. See https://developers.google.com/identity/sign-in/web/devconsole-project.
[debug] [2023-10-03T22:56:59.321Z] FirebaseError: HTTP Error: 401, Request had invalid authentication credentials. Expected OAuth 2 access token, login cookie or other valid authentication credential. See https://developers.google.com/identity/sign-in/web/devconsole-project.
    at responseToError (/opt/homebrew/lib/node_modules/firebase-tools/lib/responseToError.js:49:12)
    at RetryOperation._fn (/opt/homebrew/lib/node_modules/firebase-tools/lib/apiv2.js:285:77)
    at process.processTicksAndRejections (node:internal/process/task_queues:95:5)
[error] 
[error] Error: Failed to list Firebase projects. See firebase-debug.log for more info.
[debug] [2023-10-03T22:57:05.592Z] ----------------------------------------------------------------------
[debug] [2023-10-03T22:57:05.593Z] Command:       /opt/homebrew/Cellar/node/20.0.0/bin/node /opt/homebrew/bin/firebase init
[debug] [2023-10-03T22:57:05.593Z] CLI Version:   12.6.1
[debug] [2023-10-03T22:57:05.594Z] Platform:      darwin
[debug] [2023-10-03T22:57:05.594Z] Node Version:  v20.0.0
[debug] [2023-10-03T22:57:05.594Z] Time:          Tue Oct 03 2023 15:57:05 GMT-0700 (Pacific Daylight Time)
[debug] [2023-10-03T22:57:05.594Z] ----------------------------------------------------------------------
[debug] 
[debug] [2023-10-03T22:57:05.596Z] > command requires scopes: ["email","openid","https://www.googleapis.com/auth/cloudplatformprojects.readonly","https://www.googleapis.com/auth/firebase","https://www.googleapis.com/auth/cloud-platform"]
[debug] [2023-10-03T22:57:05.596Z] > authorizing via signed-in user (mail2rithwik@gmail.com)
[info] 
     ######## #### ########  ######## ########     ###     ######  ########
     ##        ##  ##     ## ##       ##     ##  ##   ##  ##       ##
     ######    ##  ########  ######   ########  #########  ######  ######
     ##        ##  ##    ##  ##       ##     ## ##     ##       ## ##
     ##       #### ##     ## ######## ########  ##     ##  ######  ########

You're about to initialize a Firebase project in this directory:

  /Users/rithwikadicherla/calendarai/calendarai

[info] 
=== Project Setup
[info] 
[info] First, let's associate this project directory with a Firebase project.
[info] You can create multiple project aliases by running firebase use --add, 
[info] but for now we'll just set up a default project.
[info] 
[info] i  If you want to create a project in a Google Cloud organization or folder, please use "firebase projects:create" instead, and return to this command when you've created the project. 
[debug] [2023-10-03T22:57:29.915Z] > refreshing access token with scopes: []
[debug] [2023-10-03T22:57:29.918Z] >>> [apiv2][query] POST https://www.googleapis.com/oauth2/v3/token [none]
[debug] [2023-10-03T22:57:29.919Z] >>> [apiv2][body] POST https://www.googleapis.com/oauth2/v3/token [omitted]
[debug] [2023-10-03T22:57:30.105Z] <<< [apiv2][status] POST https://www.googleapis.com/oauth2/v3/token 400
[debug] [2023-10-03T22:57:30.105Z] <<< [apiv2][body] POST https://www.googleapis.com/oauth2/v3/token [omitted]
[debug] [2023-10-03T22:57:30.106Z] >>> [apiv2][query] POST https://cloudresourcemanager.googleapis.com/v1/projects [none]
[debug] [2023-10-03T22:57:30.106Z] >>> [apiv2][body] POST https://cloudresourcemanager.googleapis.com/v1/projects {"projectId":"calendarai","name":"calendarai"}
[debug] [2023-10-03T22:57:30.450Z] <<< [apiv2][status] POST https://cloudresourcemanager.googleapis.com/v1/projects 401
[debug] [2023-10-03T22:57:30.450Z] <<< [apiv2][body] POST https://cloudresourcemanager.googleapis.com/v1/projects {"error":{"code":401,"message":"Request had invalid authentication credentials. Expected OAuth 2 access token, login cookie or other valid authentication credential. See https://developers.google.com/identity/sign-in/web/devconsole-project.","status":"UNAUTHENTICATED","details":[{"@type":"type.googleapis.com/google.rpc.ErrorInfo","reason":"ACCESS_TOKEN_TYPE_UNSUPPORTED","metadata":{"service":"cloudresourcemanager.googleapis.com","method":"google.cloudresourcemanager.v1.Projects.CreateProject"}}]}}
[debug] [2023-10-03T22:57:30.561Z] FirebaseError: HTTP Error: 401, Request had invalid authentication credentials. Expected OAuth 2 access token, login cookie or other valid authentication credential. See https://developers.google.com/identity/sign-in/web/devconsole-project.
    at responseToError (/opt/homebrew/lib/node_modules/firebase-tools/lib/responseToError.js:49:12)
    at RetryOperation._fn (/opt/homebrew/lib/node_modules/firebase-tools/lib/apiv2.js:285:77)
    at process.processTicksAndRejections (node:internal/process/task_queues:95:5)
[error] 
[error] Error: Failed to create project. See firebase-debug.log for more info.
[debug] [2023-10-03T23:00:24.434Z] ----------------------------------------------------------------------
[debug] [2023-10-03T23:00:24.441Z] Command:       /opt/homebrew/Cellar/node/20.0.0/bin/node /opt/homebrew/bin/firebase init
[debug] [2023-10-03T23:00:24.441Z] CLI Version:   12.6.1
[debug] [2023-10-03T23:00:24.441Z] Platform:      darwin
[debug] [2023-10-03T23:00:24.441Z] Node Version:  v20.0.0
[debug] [2023-10-03T23:00:24.441Z] Time:          Tue Oct 03 2023 16:00:24 GMT-0700 (Pacific Daylight Time)
[debug] [2023-10-03T23:00:24.441Z] ----------------------------------------------------------------------
[debug] 
[debug] [2023-10-03T23:00:24.444Z] > command requires scopes: ["email","openid","https://www.googleapis.com/auth/cloudplatformprojects.readonly","https://www.googleapis.com/auth/firebase","https://www.googleapis.com/auth/cloud-platform"]
[debug] [2023-10-03T23:00:24.444Z] > authorizing via signed-in user (mail2rithwik@gmail.com)
[info] 
     ######## #### ########  ######## ########     ###     ######  ########
     ##        ##  ##     ## ##       ##     ##  ##   ##  ##       ##
     ######    ##  ########  ######   ########  #########  ######  ######
     ##        ##  ##    ##  ##       ##     ## ##     ##       ## ##
     ##       #### ##     ## ######## ########  ##     ##  ######  ########

You're about to initialize a Firebase project in this directory:

  /Users/rithwikadicherla/calendarai/calendarai

[info] 
=== Project Setup
[info] 
[info] First, let's associate this project directory with a Firebase project.
[info] You can create multiple project aliases by running firebase use --add, 
[info] but for now we'll just set up a default project.
[info] 
[debug] [2023-10-03T23:00:37.314Z] > refreshing access token with scopes: []
[debug] [2023-10-03T23:00:37.317Z] >>> [apiv2][query] POST https://www.googleapis.com/oauth2/v3/token [none]
[debug] [2023-10-03T23:00:37.317Z] >>> [apiv2][body] POST https://www.googleapis.com/oauth2/v3/token [omitted]
[debug] [2023-10-03T23:00:37.526Z] <<< [apiv2][status] POST https://www.googleapis.com/oauth2/v3/token 400
[debug] [2023-10-03T23:00:37.526Z] <<< [apiv2][body] POST https://www.googleapis.com/oauth2/v3/token [omitted]
[debug] [2023-10-03T23:00:37.527Z] >>> [apiv2][query] GET https://firebase.googleapis.com/v1beta1/projects pageSize=100
[debug] [2023-10-03T23:00:37.728Z] <<< [apiv2][status] GET https://firebase.googleapis.com/v1beta1/projects 401
[debug] [2023-10-03T23:00:37.729Z] <<< [apiv2][body] GET https://firebase.googleapis.com/v1beta1/projects [omitted]
[debug] [2023-10-03T23:00:37.730Z] HTTP Error: 401, Request had invalid authentication credentials. Expected OAuth 2 access token, login cookie or other valid authentication credential. See https://developers.google.com/identity/sign-in/web/devconsole-project.
[debug] [2023-10-03T23:00:37.861Z] FirebaseError: HTTP Error: 401, Request had invalid authentication credentials. Expected OAuth 2 access token, login cookie or other valid authentication credential. See https://developers.google.com/identity/sign-in/web/devconsole-project.
    at responseToError (/opt/homebrew/lib/node_modules/firebase-tools/lib/responseToError.js:49:12)
    at RetryOperation._fn (/opt/homebrew/lib/node_modules/firebase-tools/lib/apiv2.js:285:77)
    at process.processTicksAndRejections (node:internal/process/task_queues:95:5)
[error] 
[error] Error: Failed to list Firebase projects. See firebase-debug.log for more info.
[debug] [2023-10-03T23:01:11.767Z] ----------------------------------------------------------------------
[debug] [2023-10-03T23:01:11.773Z] Command:       /opt/homebrew/Cellar/node/20.0.0/bin/node /opt/homebrew/bin/firebase init
[debug] [2023-10-03T23:01:11.773Z] CLI Version:   12.6.1
[debug] [2023-10-03T23:01:11.773Z] Platform:      darwin
[debug] [2023-10-03T23:01:11.773Z] Node Version:  v20.0.0
[debug] [2023-10-03T23:01:11.773Z] Time:          Tue Oct 03 2023 16:01:11 GMT-0700 (Pacific Daylight Time)
[debug] [2023-10-03T23:01:11.773Z] ----------------------------------------------------------------------
[debug] 
[debug] [2023-10-03T23:01:11.776Z] > command requires scopes: ["email","openid","https://www.googleapis.com/auth/cloudplatformprojects.readonly","https://www.googleapis.com/auth/firebase","https://www.googleapis.com/auth/cloud-platform"]
[debug] [2023-10-03T23:01:11.776Z] > authorizing via signed-in user (mail2rithwik@gmail.com)
[info] 
     ######## #### ########  ######## ########     ###     ######  ########
     ##        ##  ##     ## ##       ##     ##  ##   ##  ##       ##
     ######    ##  ########  ######   ########  #########  ######  ######
     ##        ##  ##    ##  ##       ##     ## ##     ##       ## ##
     ##       #### ##     ## ######## ########  ##     ##  ######  ########

You're about to initialize a Firebase project in this directory:

  /Users/rithwikadicherla/calendarai/calendarai

[info] 
=== Project Setup
[info] 
[info] First, let's associate this project directory with a Firebase project.
[info] You can create multiple project aliases by running firebase use --add, 
[info] but for now we'll just set up a default project.
[info] 
[debug] [2023-10-03T23:01:16.444Z] > refreshing access token with scopes: []
[debug] [2023-10-03T23:01:16.447Z] >>> [apiv2][query] POST https://www.googleapis.com/oauth2/v3/token [none]
[debug] [2023-10-03T23:01:16.447Z] >>> [apiv2][body] POST https://www.googleapis.com/oauth2/v3/token [omitted]
[debug] [2023-10-03T23:01:16.666Z] <<< [apiv2][status] POST https://www.googleapis.com/oauth2/v3/token 400
[debug] [2023-10-03T23:01:16.666Z] <<< [apiv2][body] POST https://www.googleapis.com/oauth2/v3/token [omitted]
[debug] [2023-10-03T23:01:16.667Z] >>> [apiv2][query] GET https://firebase.googleapis.com/v1beta1/projects pageSize=100
[debug] [2023-10-03T23:01:16.862Z] <<< [apiv2][status] GET https://firebase.googleapis.com/v1beta1/projects 401
[debug] [2023-10-03T23:01:16.863Z] <<< [apiv2][body] GET https://firebase.googleapis.com/v1beta1/projects [omitted]
[debug] [2023-10-03T23:01:16.864Z] HTTP Error: 401, Request had invalid authentication credentials. Expected OAuth 2 access token, login cookie or other valid authentication credential. See https://developers.google.com/identity/sign-in/web/devconsole-project.
[debug] [2023-10-03T23:01:16.994Z] FirebaseError: HTTP Error: 401, Request had invalid authentication credentials. Expected OAuth 2 access token, login cookie or other valid authentication credential. See https://developers.google.com/identity/sign-in/web/devconsole-project.
    at responseToError (/opt/homebrew/lib/node_modules/firebase-tools/lib/responseToError.js:49:12)
    at RetryOperation._fn (/opt/homebrew/lib/node_modules/firebase-tools/lib/apiv2.js:285:77)
    at process.processTicksAndRejections (node:internal/process/task_queues:95:5)
[error] 
[error] Error: Failed to list Firebase projects. See firebase-debug.log for more info.
